2015-06-04 11:59:55,121  WARN [ModalContext] - ScalaProject - Project Test has platform default sourceLevel.
2015-06-04 11:59:55,122  WARN [ModalContext] - ScalaProject - Project Test runs on platform default installation.
2015-06-04 11:59:57,857  WARN [Worker-1] - ScalaProject - Project Test has platform default sourceLevel.
2015-06-04 11:59:57,858  WARN [Worker-1] - ScalaProject - Project Test runs on platform default installation.
2015-06-04 12:00:14,388  WARN [Worker-1] - ScalaProject - Project Test has platform default sourceLevel.
2015-06-04 12:00:14,388  WARN [Worker-1] - ScalaProject - Project Test runs on platform default installation.
2015-06-04 12:00:14,416  WARN [Worker-1] - ScalaProject - Project Test has platform default sourceLevel.
2015-06-04 12:00:14,416  WARN [Worker-1] - ScalaProject - Project Test runs on platform default installation.
2015-06-04 12:00:30,829  WARN [main] - ScalaProject - Project Test has platform default sourceLevel.
2015-06-04 12:00:30,829  WARN [main] - ScalaProject - Project Test runs on platform default installation.
2015-06-04 12:00:36,040  WARN [main] - ScalaProject - Project Test has platform default sourceLevel.
2015-06-04 12:00:36,041  WARN [main] - ScalaProject - Project Test runs on platform default installation.
2015-06-04 12:00:36,371  WARN [Worker-1] - ScalaProject - Project Test has platform default sourceLevel.
2015-06-04 12:00:36,372  WARN [Worker-1] - ScalaProject - Project Test runs on platform default installation.
2015-06-04 12:00:36,394  WARN [Worker-1] - ScalaProject - Project Test has platform default sourceLevel.
2015-06-04 12:00:36,394  WARN [Worker-1] - ScalaProject - Project Test runs on platform default installation.
2015-06-04 12:00:37,476  WARN [Worker-1] - ScalaProject - Project Test has platform default sourceLevel.
2015-06-04 12:00:37,477  WARN [Worker-1] - ScalaProject - Project Test runs on platform default installation.
2015-06-04 12:12:36,841  WARN [main] - ScalaProject - Project Test has platform default sourceLevel.
2015-06-04 12:12:36,842  WARN [main] - ScalaProject - Project Test runs on platform default installation.
2015-06-04 12:12:36,848  WARN [main] - ScalaProject - Project Test has platform default sourceLevel.
2015-06-04 12:12:36,848  WARN [main] - ScalaProject - Project Test runs on platform default installation.
2015-06-04 12:14:04,023  WARN [Worker-4] - ScalaProject - Project Test has platform default sourceLevel.
2015-06-04 12:14:04,024  WARN [Worker-4] - ScalaProject - Project Test runs on platform default installation.
2015-06-04 12:14:04,061  WARN [Worker-4] - ScalaProject - Project Test has platform default sourceLevel.
2015-06-04 12:14:04,061  WARN [Worker-4] - ScalaProject - Project Test runs on platform default installation.
2015-06-04 12:14:04,202  WARN [Worker-4] - ScalaProject - Project Test has platform default sourceLevel.
2015-06-04 12:14:04,202  WARN [Worker-4] - ScalaProject - Project Test runs on platform default installation.
2015-06-04 12:14:04,329  WARN [Worker-4] - ScalaProject - Project Test has platform default sourceLevel.
2015-06-04 12:14:04,329  WARN [Worker-4] - ScalaProject - Project Test runs on platform default installation.
2015-06-10 17:02:26,213  WARN [main] - ScalaProject - Project Test has platform default sourceLevel.
2015-06-10 17:02:26,214  WARN [main] - ScalaProject - Project Test runs on platform default installation.
2015-06-10 17:02:26,221  WARN [main] - ScalaProject - Project Test has platform default sourceLevel.
2015-06-10 17:02:26,221  WARN [main] - ScalaProject - Project Test runs on platform default installation.
2015-07-01 14:05:32,456  WARN [Worker-3] - ScalaProject - Project Test has platform default sourceLevel.
2015-07-01 14:05:32,457  WARN [Worker-3] - ScalaProject - Project Test runs on platform default installation.
2015-07-01 14:05:34,567  WARN [Java indexing] - ScalaProject - Project Test has platform default sourceLevel.
2015-07-01 14:05:34,568  WARN [Java indexing] - ScalaProject - Project Test runs on platform default installation.
